#
# There is insufficient memory for the Java Runtime Environment to continue.
# Native memory allocation (malloc) failed to allocate 32744 bytes for ChunkPool::allocate
# Possible reasons:
#   The system is out of physical RAM or swap space
#   The process is running with CompressedOops enabled, and the Java Heap may be blocking the growth of the native heap
# Possible solutions:
#   Reduce memory load on the system
#   Increase physical memory or swap space
#   Check if swap backing store is full
#   Decrease Java heap size (-Xmx/-Xms)
#   Decrease number of Java threads
#   Decrease Java thread stack sizes (-Xss)
#   Set larger code cache with -XX:ReservedCodeCacheSize=
#   JVM is running with Unscaled Compressed Oops mode in which the Java heap is
#     placed in the first 4GB address space. The Java Heap base address is the
#     maximum limit for the native heap growth. Please use -XX:HeapBaseMinAddress
#     to set the Java Heap base and to place the Java Heap above 4GB virtual address.
# This output file may be truncated or incomplete.
#
#  Out of Memory Error (allocation.cpp:272), pid=12296, tid=0x00000000000049c4
#
# JRE version: OpenJDK Runtime Environment (8.0_242-b01) (build 1.8.0_242-release-1644-b01)
# Java VM: OpenJDK 64-Bit Server VM (25.242-b01 mixed mode windows-amd64 compressed oops)
# Failed to write core dump. Minidumps are not enabled by default on client versions of Windows
#

---------------  T H R E A D  ---------------

Current thread (0x0000000015e4c000):  JavaThread "C2 CompilerThread1" daemon [_thread_in_native, id=18884, stack(0x00000000175b0000,0x00000000176b0000)]

Stack: [0x00000000175b0000,0x00000000176b0000]
[error occurred during error reporting (printing stack bounds), id 0xc0000005]

Native frames: (J=compiled Java code, j=interpreted, Vv=VM code, C=native code)


Current CompileTask:
C2:   3971 1547   !   4       java.net.URLClassLoader$1::run (63 bytes)


---------------  P R O C E S S  ---------------

Java Threads: ( => current thread )
  0x0000000019a12800 JavaThread "Cache worker for journal cache (C:\Users\xp\.gradle\caches\journal-1)" [_thread_blocked, id=18744, stack(0x000000001bed0000,0x000000001bfd0000)]
  0x0000000019a15000 JavaThread "File lock request listener" [_thread_in_native, id=19036, stack(0x000000001bdd0000,0x000000001bed0000)]
  0x0000000017f6c800 JavaThread "Cache worker for file hash cache (C:\Users\xp\.gradle\caches\6.7\fileHashes)" [_thread_blocked, id=8676, stack(0x000000001bbd0000,0x000000001bcd0000)]
  0x000000001997a800 JavaThread "Thread-9" [_thread_blocked, id=16556, stack(0x000000001b8d0000,0x000000001b9d0000)]
  0x00000000180ae000 JavaThread "Stdin handler" [_thread_blocked, id=2596, stack(0x000000001b7d0000,0x000000001b8d0000)]
  0x00000000180b4000 JavaThread "Asynchronous log dispatcher for DefaultDaemonConnection: socket connection from /127.0.0.1:57307 to /127.0.0.1:57308" [_thread_blocked, id=15332, stack(0x000000001b6d0000,0x000000001b7d0000)]
  0x0000000019946000 JavaThread "Daemon worker" [_thread_in_vm, id=19524, stack(0x000000001b5d0000,0x000000001b6d0000)]
  0x0000000019945000 JavaThread "Cancel handler" [_thread_blocked, id=20896, stack(0x000000001b4d0000,0x000000001b5d0000)]
  0x0000000019944000 JavaThread "Handler for socket connection from /127.0.0.1:57307 to /127.0.0.1:57308" [_thread_in_native, id=9464, stack(0x000000001b3d0000,0x000000001b4d0000)]
  0x0000000019940800 JavaThread "Daemon" [_thread_blocked, id=9212, stack(0x000000001b0d0000,0x000000001b1d0000)]
  0x00000000198e4000 JavaThread "Daemon periodic checks" [_thread_blocked, id=15172, stack(0x000000001afd0000,0x000000001b0d0000)]
  0x00000000198e3800 JavaThread "Incoming local TCP Connector on port 57307" [_thread_in_native, id=10320, stack(0x000000001ad90000,0x000000001ae90000)]
  0x00000000197a3000 JavaThread "Daemon health stats" [_thread_blocked, id=8688, stack(0x000000001a750000,0x000000001a850000)]
  0x00000000177b6000 JavaThread "Service Thread" daemon [_thread_blocked, id=7216, stack(0x0000000017bb0000,0x0000000017cb0000)]
  0x0000000015e96000 JavaThread "C1 CompilerThread2" daemon [_thread_blocked, id=8496, stack(0x00000000176b0000,0x00000000177b0000)]
=>0x0000000015e4c000 JavaThread "C2 CompilerThread1" daemon [_thread_in_native, id=18884, stack(0x00000000175b0000,0x00000000176b0000)]
  0x0000000015e48800 JavaThread "C2 CompilerThread0" daemon [_thread_in_native, id=19212, stack(0x00000000174b0000,0x00000000175b0000)]
  0x0000000015e47000 JavaThread "Attach Listener" daemon [_thread_blocked, id=11272, stack(0x00000000173b0000,0x00000000174b0000)]
  0x0000000015e45800 JavaThread "Signal Dispatcher" daemon [_thread_blocked, id=20128, stack(0x00000000172b0000,0x00000000173b0000)]
  0x00000000024cc800 JavaThread "Finalizer" daemon [_thread_blocked, id=20108, stack(0x00000000170b0000,0x00000000171b0000)]
  0x0000000015e29000 JavaThread "Reference Handler" daemon [_thread_blocked, id=8696, stack(0x0000000016fb0000,0x00000000170b0000)]
  0x00000000023ce800 JavaThread "main" [_thread_blocked, id=4260, stack(0x0000000002260000,0x0000000002360000)]

Other Threads:
  0x0000000015e08000 VMThread [stack: 0x0000000016eb0000,0x0000000016fb0000] [id=6928]
  0x00000000177b7000 WatcherThread [stack: 0x0000000017cb0000,0x0000000017db0000] [id=20060]

VM state:not at safepoint (normal execution)

VM Mutex/Monitor currently owned by a thread: None

heap address: 0x00000000a0000000, size: 1536 MB, Compressed Oops mode: 32-bit
Narrow klass base: 0x0000000000000000, Narrow klass shift: 3
Compressed class space size: 1073741824 Address: 0x0000000100000000

Heap:
 PSYoungGen      total 37888K, used 24648K [0x00000000e0000000, 0x00000000e2a00000, 0x0000000100000000)
  eden space 32768K, 59% used [0x00000000e0000000,0x00000000e1316228,0x00000000e2000000)
  from space 5120K, 99% used [0x00000000e2500000,0x00000000e29fc010,0x00000000e2a00000)
  to   space 5120K, 0% used [0x00000000e2000000,0x00000000e2000000,0x00000000e2500000)
 ParOldGen       total 86016K, used 3435K [0x00000000a0000000, 0x00000000a5400000, 0x00000000e0000000)
  object space 86016K, 3% used [0x00000000a0000000,0x00000000a035ae90,0x00000000a5400000)
 Metaspace       used 16212K, capacity 16786K, committed 16896K, reserved 1062912K
  class space    used 2266K, capacity 2451K, committed 2560K, reserved 1048576K

Card table byte_map: [0x0000000011890000,0x0000000011ba0000] byte_map_base: 0x0000000011390000

Marking Bits: (ParMarkBitMap*) 0x000000006c8ef030
 Begin Bits: [0x00000000121a0000, 0x00000000139a0000)
 End Bits:   [0x00000000139a0000, 0x00000000151a0000)

Polling page: 0x00000000021c0000

CodeCache: size=245760Kb used=5461Kb max_used=5461Kb free=240298Kb
 bounds [0x00000000024d0000, 0x0000000002a30000, 0x00000000114d0000]
 total_blobs=1953 nmethods=1558 adapters=308
 compilation: enabled

Compilation events (10 events):
Event: 3.911 Thread 0x0000000015e96000 1558       3       jdk.internal.org.objectweb.asm.Frame::<init> (5 bytes)
Event: 3.911 Thread 0x0000000015e96000 nmethod 1558 0x0000000002a1c7d0 code [0x0000000002a1c920, 0x0000000002a1cad0]
Event: 3.912 Thread 0x0000000015e96000 1559       3       org.gradle.internal.service.DefaultServiceRegistry::find (142 bytes)
Event: 3.914 Thread 0x0000000015e96000 nmethod 1559 0x0000000002a1f510 code [0x0000000002a1f860, 0x0000000002a213d8]
Event: 3.948 Thread 0x0000000015e96000 1560       3       java.lang.Package::<init> (56 bytes)
Event: 3.948 Thread 0x0000000015e96000 nmethod 1560 0x0000000002a220d0 code [0x0000000002a22220, 0x0000000002a22490]
Event: 3.948 Thread 0x0000000015e96000 1561   !   3       org.gradle.internal.classloader.TransformingClassLoader::findClass (203 bytes)
Event: 3.952 Thread 0x0000000015e96000 nmethod 1561 0x0000000002a22550 code [0x0000000002a22a00, 0x0000000002a257b8]
Event: 3.952 Thread 0x0000000015e96000 1562       3       org.gradle.initialization.MixInLegacyTypesClassLoader::shouldTransform (42 bytes)
Event: 3.952 Thread 0x0000000015e96000 nmethod 1562 0x0000000002a27410 code [0x0000000002a275a0, 0x0000000002a279f8]

GC Heap History (8 events):
Event: 1.085 GC heap before
{Heap before GC invocations=1 (full 0):
 PSYoungGen      total 37888K, used 32768K [0x00000000e0000000, 0x00000000e2a00000, 0x0000000100000000)
  eden space 32768K, 100% used [0x00000000e0000000,0x00000000e2000000,0x00000000e2000000)
  from space 5120K, 0% used [0x00000000e2500000,0x00000000e2500000,0x00000000e2a00000)
  to   space 5120K, 0% used [0x00000000e2000000,0x00000000e2000000,0x00000000e2500000)
 ParOldGen       total 86016K, used 0K [0x00000000a0000000, 0x00000000a5400000, 0x00000000e0000000)
  object space 86016K, 0% used [0x00000000a0000000,0x00000000a0000000,0x00000000a5400000)
 Metaspace       used 7216K, capacity 7454K, committed 7680K, reserved 1056768K
  class space    used 888K, capacity 973K, committed 1024K, reserved 1048576K
Event: 1.094 GC heap after
Heap after GC invocations=1 (full 0):
 PSYoungGen      total 37888K, used 4415K [0x00000000e0000000, 0x00000000e2a00000, 0x0000000100000000)
  eden space 32768K, 0% used [0x00000000e0000000,0x00000000e0000000,0x00000000e2000000)
  from space 5120K, 86% used [0x00000000e2000000,0x00000000e244fc58,0x00000000e2500000)
  to   space 5120K, 0% used [0x00000000e2500000,0x00000000e2500000,0x00000000e2a00000)
 ParOldGen       total 86016K, used 8K [0x00000000a0000000, 0x00000000a5400000, 0x00000000e0000000)
  object space 86016K, 0% used [0x00000000a0000000,0x00000000a0002000,0x00000000a5400000)
 Metaspace       used 7216K, capacity 7454K, committed 7680K, reserved 1056768K
  class space    used 888K, capacity 973K, committed 1024K, reserved 1048576K
}
Event: 1.758 GC heap before
{Heap before GC invocations=2 (full 0):
 PSYoungGen      total 37888K, used 37183K [0x00000000e0000000, 0x00000000e2a00000, 0x0000000100000000)
  eden space 32768K, 100% used [0x00000000e0000000,0x00000000e2000000,0x00000000e2000000)
  from space 5120K, 86% used [0x00000000e2000000,0x00000000e244fc58,0x00000000e2500000)
  to   space 5120K, 0% used [0x00000000e2500000,0x00000000e2500000,0x00000000e2a00000)
 ParOldGen       total 86016K, used 8K [0x00000000a0000000, 0x00000000a5400000, 0x00000000e0000000)
  object space 86016K, 0% used [0x00000000a0000000,0x00000000a0002000,0x00000000a5400000)
 Metaspace       used 7395K, capacity 7646K, committed 7936K, reserved 1056768K
  class space    used 897K, capacity 973K, committed 1024K, reserved 1048576K
Event: 1.763 GC heap after
Heap after GC invocations=2 (full 0):
 PSYoungGen      total 37888K, used 3265K [0x00000000e0000000, 0x00000000e2a00000, 0x0000000100000000)
  eden space 32768K, 0% used [0x00000000e0000000,0x00000000e0000000,0x00000000e2000000)
  from space 5120K, 63% used [0x00000000e2500000,0x00000000e2830608,0x00000000e2a00000)
  to   space 5120K, 0% used [0x00000000e2000000,0x00000000e2000000,0x00000000e2500000)
 ParOldGen       total 86016K, used 16K [0x00000000a0000000, 0x00000000a5400000, 0x00000000e0000000)
  object space 86016K, 0% used [0x00000000a0000000,0x00000000a0004000,0x00000000a5400000)
 Metaspace       used 7395K, capacity 7646K, committed 7936K, reserved 1056768K
  class space    used 897K, capacity 973K, committed 1024K, reserved 1048576K
}
Event: 3.160 GC heap before
{Heap before GC invocations=3 (full 0):
 PSYoungGen      total 37888K, used 36033K [0x00000000e0000000, 0x00000000e2a00000, 0x0000000100000000)
  eden space 32768K, 100% used [0x00000000e0000000,0x00000000e2000000,0x00000000e2000000)
  from space 5120K, 63% used [0x00000000e2500000,0x00000000e2830608,0x00000000e2a00000)
  to   space 5120K, 0% used [0x00000000e2000000,0x00000000e2000000,0x00000000e2500000)
 ParOldGen       total 86016K, used 16K [0x00000000a0000000, 0x00000000a5400000, 0x00000000e0000000)
  object space 86016K, 0% used [0x00000000a0000000,0x00000000a0004000,0x00000000a5400000)
 Metaspace       used 11651K, capacity 11942K, committed 12160K, reserved 1060864K
  class space    used 1534K, capacity 1639K, committed 1664K, reserved 1048576K
Event: 3.169 GC heap after
Heap after GC invocations=3 (full 0):
 PSYoungGen      total 37888K, used 5088K [0x00000000e0000000, 0x00000000e2a00000, 0x0000000100000000)
  eden space 32768K, 0% used [0x00000000e0000000,0x00000000e0000000,0x00000000e2000000)
  from space 5120K, 99% used [0x00000000e2000000,0x00000000e24f8020,0x00000000e2500000)
  to   space 5120K, 0% used [0x00000000e2500000,0x00000000e2500000,0x00000000e2a00000)
 ParOldGen       total 86016K, used 1061K [0x00000000a0000000, 0x00000000a5400000, 0x00000000e0000000)
  object space 86016K, 1% used [0x00000000a0000000,0x00000000a0109510,0x00000000a5400000)
 Metaspace       used 11651K, capacity 11942K, committed 12160K, reserved 1060864K
  class space    used 1534K, capacity 1639K, committed 1664K, reserved 1048576K
}
Event: 3.664 GC heap before
{Heap before GC invocations=4 (full 0):
 PSYoungGen      total 37888K, used 37856K [0x00000000e0000000, 0x00000000e2a00000, 0x0000000100000000)
  eden space 32768K, 100% used [0x00000000e0000000,0x00000000e2000000,0x00000000e2000000)
  from space 5120K, 99% used [0x00000000e2000000,0x00000000e24f8020,0x00000000e2500000)
  to   space 5120K, 0% used [0x00000000e2500000,0x00000000e2500000,0x00000000e2a00000)
 ParOldGen       total 86016K, used 1061K [0x00000000a0000000, 0x00000000a5400000, 0x00000000e0000000)
  object space 86016K, 1% used [0x00000000a0000000,0x00000000a0109530,0x00000000a5400000)
 Metaspace       used 14341K, capacity 14770K, committed 14976K, reserved 1062912K
  class space    used 1968K, capacity 2101K, committed 2176K, reserved 1048576K
Event: 3.672 GC heap after
Heap after GC invocations=4 (full 0):
 PSYoungGen      total 37888K, used 5104K [0x00000000e0000000, 0x00000000e2a00000, 0x0000000100000000)
  eden space 32768K, 0% used [0x00000000e0000000,0x00000000e0000000,0x00000000e2000000)
  from space 5120K, 99% used [0x00000000e2500000,0x00000000e29fc010,0x00000000e2a00000)
  to   space 5120K, 0% used [0x00000000e2000000,0x00000000e2000000,0x00000000e2500000)
 ParOldGen       total 86016K, used 3435K [0x00000000a0000000, 0x00000000a5400000, 0x00000000e0000000)
  object space 86016K, 3% used [0x00000000a0000000,0x00000000a035ae90,0x00000000a5400000)
 Metaspace       used 14341K, capacity 14770K, committed 14976K, reserved 1062912K
  class space    used 1968K, capacity 2101K, committed 2176K, reserved 1048576K
}

Deoptimization events (10 events):
Event: 3.185 Thread 0x0000000019946000 Uncommon trap: reason=bimorphic action=maybe_recompile pc=0x0000000002771a78 method=java.util.HashMap.putVal(ILjava/lang/Object;Ljava/lang/Object;ZZ)Ljava/lang/Object; @ 253
Event: 3.185 Thread 0x0000000019946000 Uncommon trap: reason=bimorphic action=maybe_recompile pc=0x0000000002771a78 method=java.util.HashMap.putVal(ILjava/lang/Object;Ljava/lang/Object;ZZ)Ljava/lang/Object; @ 253
Event: 3.186 Thread 0x0000000019946000 Uncommon trap: reason=bimorphic action=maybe_recompile pc=0x0000000002771a78 method=java.util.HashMap.putVal(ILjava/lang/Object;Ljava/lang/Object;ZZ)Ljava/lang/Object; @ 253
Event: 3.186 Thread 0x0000000019946000 Uncommon trap: reason=bimorphic action=maybe_recompile pc=0x0000000002771a78 method=java.util.HashMap.putVal(ILjava/lang/Object;Ljava/lang/Object;ZZ)Ljava/lang/Object; @ 253
Event: 3.569 Thread 0x0000000019946000 Uncommon trap: reason=class_check action=maybe_recompile pc=0x000000000280fe44 method=java.util.regex.Matcher.match(II)Z @ 86
Event: 3.591 Thread 0x0000000019946000 Uncommon trap: reason=class_check action=maybe_recompile pc=0x000000000280fe44 method=java.util.regex.Matcher.match(II)Z @ 86
Event: 3.592 Thread 0x0000000019946000 Uncommon trap: reason=class_check action=maybe_recompile pc=0x000000000280fe44 method=java.util.regex.Matcher.match(II)Z @ 86
Event: 3.592 Thread 0x0000000019946000 Uncommon trap: reason=class_check action=maybe_recompile pc=0x000000000268dd9c method=java.util.regex.Matcher.match(II)Z @ 86
Event: 3.695 Thread 0x0000000019946000 Uncommon trap: reason=unstable_if action=reinterpret pc=0x00000000027fcecc method=java.io.File.getName()Ljava/lang/String; @ 16
Event: 3.695 Thread 0x0000000019946000 Uncommon trap: reason=unstable_if action=reinterpret pc=0x00000000027f739c method=java.lang.String.substring(I)Ljava/lang/String; @ 35

Classes redefined (0 events):
No events

Internal exceptions (10 events):
Event: 0.811 Thread 0x00000000023ce800 Exception <a 'java/lang/ArrayIndexOutOfBoundsException'> (0x00000000e1615530) thrown at [C:\src\AOSP-openjdk-git\hotspot\src\share\vm\runtime\sharedRuntime.cpp, line 605]
Event: 0.811 Thread 0x00000000023ce800 Exception <a 'java/lang/ArrayIndexOutOfBoundsException'> (0x00000000e1618130) thrown at [C:\src\AOSP-openjdk-git\hotspot\src\share\vm\runtime\sharedRuntime.cpp, line 605]
Event: 0.812 Thread 0x00000000023ce800 Exception <a 'java/lang/ArrayIndexOutOfBoundsException'> (0x00000000e1632388) thrown at [C:\src\AOSP-openjdk-git\hotspot\src\share\vm\runtime\sharedRuntime.cpp, line 605]
Event: 0.815 Thread 0x00000000023ce800 Exception <a 'java/lang/ArrayIndexOutOfBoundsException'> (0x00000000e1646cb8) thrown at [C:\src\AOSP-openjdk-git\hotspot\src\share\vm\runtime\sharedRuntime.cpp, line 605]
Event: 3.091 Thread 0x00000000023ce800 Exception <a 'java/io/IOException'> (0x00000000e1d07a28) thrown at [C:\src\AOSP-openjdk-git\hotspot\src\share\vm\prims\jni.cpp, line 710]
Event: 3.495 Thread 0x0000000019946000 Exception <a 'java/lang/NoSuchMethodError': java.lang.Object.lambda$static$0(Lorg/gradle/internal/state/ModelObject;)Ljava/lang/String;> (0x00000000e13b3020) thrown at [C:\src\AOSP-openjdk-git\hotspot\src\share\vm\interpreter\linkResolver.cpp, line 620]
Event: 3.762 Thread 0x0000000019946000 Exception <a 'java/lang/NoSuchMethodError': java.lang.Object.lambda$and$0(Ljava/util/function/Predicate;Ljava/lang/Object;)Z> (0x00000000e03d99e8) thrown at [C:\src\AOSP-openjdk-git\hotspot\src\share\vm\interpreter\linkResolver.cpp, line 620]
Event: 3.768 Thread 0x0000000019946000 Exception <a 'java/lang/IncompatibleClassChangeError': Found class java.lang.Object, but interface was expected> (0x00000000e03e9e70) thrown at [C:\src\AOSP-openjdk-git\hotspot\src\share\vm\interpreter\linkResolver.cpp, line 653]
Event: 3.772 Thread 0x0000000019946000 Exception <a 'java/lang/NoSuchMethodError': java.lang.Object.lambda$or$2(Ljava/util/function/Predicate;Ljava/lang/Object;)Z> (0x00000000e03eec20) thrown at [C:\src\AOSP-openjdk-git\hotspot\src\share\vm\interpreter\linkResolver.cpp, line 620]
Event: 3.812 Thread 0x0000000019946000 Exception <a 'java/lang/NoSuchMethodError': java.lang.Object.lambda$comparing$77a9974f$1(Ljava/util/function/Function;Ljava/lang/Object;Ljava/lang/Object;)I> (0x00000000e0789f38) thrown at [C:\src\AOSP-openjdk-git\hotspot\src\share\vm\interpreter\linkReso

Events (10 events):
Event: 3.963 loading class org/gradle/internal/resolve/caching/ComponentMetadataRuleExecutor
Event: 3.963 loading class org/gradle/internal/resolve/caching/ComponentMetadataRuleExecutor done
Event: 3.964 loading class org/gradle/internal/resolve/caching/CrossBuildCachingRuleExecutor
Event: 3.964 loading class org/gradle/internal/resolve/caching/CrossBuildCachingRuleExecutor done
Event: 3.966 loading class org/gradle/internal/resolve/caching/CachingRuleExecutor
Event: 3.966 loading class org/gradle/internal/resolve/caching/CachingRuleExecutor done
Event: 3.967 loading class org/gradle/api/internal/artifacts/ivyservice/modulecache/ModuleRepositoryCaches
Event: 3.967 loading class org/gradle/api/internal/artifacts/ivyservice/modulecache/ModuleRepositoryCaches done
Event: 3.967 loading class org/gradle/api/internal/artifacts/repositories/metadata/IvyMutableModuleMetadataFactory
Event: 3.967 loading class org/gradle/api/internal/artifacts/repositories/metadata/IvyMutableModuleMetadataFactory done


Dynamic libraries:
0x00007ff607810000 - 0x00007ff607841000 	D:\Z_ProgramFiles\Android Studio\jre\bin\java.exe
0x00007fff4b730000 - 0x00007fff4b925000 	C:\WINDOWS\SYSTEM32\ntdll.dll
0x00007fff4a5b0000 - 0x00007fff4a66d000 	C:\WINDOWS\System32\KERNEL32.DLL
0x00007fff49170000 - 0x00007fff49439000 	C:\WINDOWS\System32\KERNELBASE.dll
0x000000006e6b0000 - 0x000000006e756000 	C:\WINDOWS\System32\SYSFER.DLL
0x00007fff4a7c0000 - 0x00007fff4a86c000 	C:\WINDOWS\System32\ADVAPI32.dll
0x00007fff4a430000 - 0x00007fff4a4ce000 	C:\WINDOWS\System32\msvcrt.dll
0x00007fff49c40000 - 0x00007fff49cdb000 	C:\WINDOWS\System32\sechost.dll
0x00007fff4ab00000 - 0x00007fff4ac2a000 	C:\WINDOWS\System32\RPCRT4.dll
0x00007fff4a8d0000 - 0x00007fff4aa70000 	C:\WINDOWS\System32\USER32.dll
0x00007fff49770000 - 0x00007fff49792000 	C:\WINDOWS\System32\win32u.dll
0x00007fff4a670000 - 0x00007fff4a69a000 	C:\WINDOWS\System32\GDI32.dll
0x00007fff48f00000 - 0x00007fff4900b000 	C:\WINDOWS\System32\gdi32full.dll
0x00007fff495a0000 - 0x00007fff4963d000 	C:\WINDOWS\System32\msvcp_win.dll
0x00007fff49010000 - 0x00007fff49110000 	C:\WINDOWS\System32\ucrtbase.dll
0x00007fff364d0000 - 0x00007fff3676a000 	C:\WINDOWS\WinSxS\amd64_microsoft.windows.common-controls_6595b64144ccf1df_6.0.19041.1110_none_60b5254171f9507e\COMCTL32.dll
0x00007fff497a0000 - 0x00007fff497d0000 	C:\WINDOWS\System32\IMM32.DLL
0x000000006d8d0000 - 0x000000006d9a2000 	D:\Z_ProgramFiles\Android Studio\jre\jre\bin\msvcr100.dll
0x000000006c120000 - 0x000000006c96b000 	D:\Z_ProgramFiles\Android Studio\jre\jre\bin\server\jvm.dll
0x00007fff4aee0000 - 0x00007fff4aee8000 	C:\WINDOWS\System32\PSAPI.DLL
0x00007fff31040000 - 0x00007fff31049000 	C:\WINDOWS\SYSTEM32\WSOCK32.dll
0x00007fff4aa70000 - 0x00007fff4aadb000 	C:\WINDOWS\System32\WS2_32.dll
0x00007fff33150000 - 0x00007fff33177000 	C:\WINDOWS\SYSTEM32\WINMM.dll
0x00007fff396f0000 - 0x00007fff396fa000 	C:\WINDOWS\SYSTEM32\VERSION.dll
0x00007fff44120000 - 0x00007fff4412f000 	D:\Z_ProgramFiles\Android Studio\jre\jre\bin\verify.dll
0x00007fff32120000 - 0x00007fff32149000 	D:\Z_ProgramFiles\Android Studio\jre\jre\bin\java.dll
0x00007fff394a0000 - 0x00007fff394b6000 	D:\Z_ProgramFiles\Android Studio\jre\jre\bin\zip.dll
0x00007fff49cf0000 - 0x00007fff4a42f000 	C:\WINDOWS\System32\SHELL32.dll
0x00007fff46f50000 - 0x00007fff476e1000 	C:\WINDOWS\SYSTEM32\windows.storage.dll
0x00007fff4afa0000 - 0x00007fff4b2f5000 	C:\WINDOWS\System32\combase.dll
0x00007fff488e0000 - 0x00007fff4890c000 	C:\WINDOWS\SYSTEM32\Wldp.dll
0x00007fff4b570000 - 0x00007fff4b61e000 	C:\WINDOWS\System32\SHCORE.dll
0x00007fff4adf0000 - 0x00007fff4ae45000 	C:\WINDOWS\System32\shlwapi.dll
0x00007fff48db0000 - 0x00007fff48dcf000 	C:\WINDOWS\SYSTEM32\profapi.dll
0x00007fff32100000 - 0x00007fff3211a000 	D:\Z_ProgramFiles\Android Studio\jre\jre\bin\net.dll
0x00007fff48640000 - 0x00007fff486aa000 	C:\WINDOWS\system32\mswsock.dll
0x00007fff320e0000 - 0x00007fff320f3000 	D:\Z_ProgramFiles\Android Studio\jre\jre\bin\nio.dll
0x00007fff20300000 - 0x00007fff20326000 	C:\Users\xp\.gradle\native\fdc75f09e3144964f2cf3f50f0aa648679c211496f362492102eb8c894070792\windows-amd64\native-platform.dll
0x00007fff13f90000 - 0x00007fff14121000 	C:\Users\xp\.gradle\native\12488b8bf47d2d4c9fbf2f6322a914ad602e24e48041cd04a747c6da556b65c4\windows-amd64\native-platform-file-events.dll
0x00007fff41ec0000 - 0x00007fff41ecd000 	D:\Z_ProgramFiles\Android Studio\jre\jre\bin\management.dll
0x00007fff48820000 - 0x00007fff48838000 	C:\WINDOWS\SYSTEM32\CRYPTSP.dll
0x00007fff47f70000 - 0x00007fff47fa4000 	C:\WINDOWS\system32\rsaenh.dll
0x00007fff49740000 - 0x00007fff49767000 	C:\WINDOWS\System32\bcrypt.dll
0x00007fff48d70000 - 0x00007fff48d9e000 	C:\WINDOWS\SYSTEM32\USERENV.dll
0x00007fff48e70000 - 0x00007fff48ef3000 	C:\WINDOWS\System32\bcryptprimitives.dll
0x00007fff48840000 - 0x00007fff4884c000 	C:\WINDOWS\SYSTEM32\CRYPTBASE.dll
0x00007fff482e0000 - 0x00007fff4831b000 	C:\WINDOWS\SYSTEM32\IPHLPAPI.DLL
0x00007fff49ce0000 - 0x00007fff49ce8000 	C:\WINDOWS\System32\NSI.dll
0x00007fff39cc0000 - 0x00007fff39cd7000 	C:\WINDOWS\SYSTEM32\dhcpcsvc6.DLL
0x00007fff3a120000 - 0x00007fff3a13d000 	C:\WINDOWS\SYSTEM32\dhcpcsvc.DLL
0x00007fff48330000 - 0x00007fff483fc000 	C:\WINDOWS\SYSTEM32\DNSAPI.dll
0x00007fff3a370000 - 0x00007fff3a37b000 	C:\WINDOWS\SYSTEM32\WINNSI.DLL

VM Arguments:
jvm_args: -Xmx1536M -Dfile.encoding=windows-1252 -Duser.country=US -Duser.language=en -Duser.variant 
java_command: org.gradle.launcher.daemon.bootstrap.GradleDaemon 6.7
java_class_path (initial): C:\Users\xp\.gradle\wrapper\dists\gradle-6.7-all\cuy9mc7upwgwgeb72wkcrupxe\gradle-6.7\lib\gradle-launcher-6.7.jar
Launcher Type: SUN_STANDARD

Environment Variables:
JAVA_HOME=D:\Z_ProgramFiles\Android Studio\jre
JRE_HOME=C:\Program Files\Java\jre1.8.0_291
CLASSPATH=C:\Users\xp\AndroidStudioProjects\wotm_app\android\\gradle\wrapper\gradle-wrapper.jar
PATH=C:\Program Files (x86)\Common Files\Oracle\Java\javapath;C:\Program Files (x86)\Common Files\Intel\Shared Libraries\redist\intel64\compiler;C:\WINDOWS\system32;C:\WINDOWS;C:\WINDOWS\System32\Wbem;C:\WINDOWS\System32\WindowsPowerShell\v1.0\;C:\Program Files\Intel\WiFi\bin\;C:\Program Files\Common Files\Intel\WirelessCommon\;C:\WINDOWS\System32\OpenSSH\;D:\Z_ProgramFiles\Node JS\nodejs;D:\Z_ProgramFiles\Git\cmd;D:\Z_ProgramFiles\Android Studio\bin\studio;C:\Program Files\flutter\bin;c:\Program Files (x86)\Intel\Intel(R) Management Engine Components\DAL;c:\Program Files\Intel\Intel(R) Management Engine Components\DAL;C:\Users\xp\AppData\Local\Microsoft\WindowsApps;D:\Z_ProgramFiles\JpegminPro3\;C:\Program Files\flutter\bin\mingit\cmd
USERNAME=xp
OS=Windows_NT
PROCESSOR_IDENTIFIER=Intel64 Family 6 Model 142 Stepping 9, GenuineIntel



---------------  S Y S T E M  ---------------

OS: Windows 10.0 , 64 bit Build 19041 (10.0.19041.1023)

CPU:total 4 (initial active 4) (2 cores per cpu, 2 threads per core) family 6 model 142 stepping 9, cmov, cx8, fxsr, mmx, sse, sse2, sse3, ssse3, sse4.1, sse4.2, popcnt, avx, avx2, aes, clmul, erms, 3dnowpref, lzcnt, ht, tsc, tscinvbit, bmi1, bmi2, adx

Memory: 4k page, physical 8241064k(482296k free), swap 26534948k(1324k free)

vm_info: OpenJDK 64-Bit Server VM (25.242-b01) for windows-amd64 JRE (1.8.0_242-release-1644-b01), built by "builder" with MS VC++ 10.0 (VS2010)

time: Fri Aug 13 02:07:25 2021
timezone: Malay Peninsula Standard Time
elapsed time: 3 seconds (0d 0h 0m 3s)

