#
# There is insufficient memory for the Java Runtime Environment to continue.
# Native memory allocation (malloc) failed to allocate 32744 bytes for ChunkPool::allocate
# Possible reasons:
#   The system is out of physical RAM or swap space
#   The process is running with CompressedOops enabled, and the Java Heap may be blocking the growth of the native heap
# Possible solutions:
#   Reduce memory load on the system
#   Increase physical memory or swap space
#   Check if swap backing store is full
#   Decrease Java heap size (-Xmx/-Xms)
#   Decrease number of Java threads
#   Decrease Java thread stack sizes (-Xss)
#   Set larger code cache with -XX:ReservedCodeCacheSize=
#   JVM is running with Unscaled Compressed Oops mode in which the Java heap is
#     placed in the first 4GB address space. The Java Heap base address is the
#     maximum limit for the native heap growth. Please use -XX:HeapBaseMinAddress
#     to set the Java Heap base and to place the Java Heap above 4GB virtual address.
# This output file may be truncated or incomplete.
#
#  Out of Memory Error (allocation.cpp:272), pid=17528, tid=0x000000000000483c
#
# JRE version: OpenJDK Runtime Environment (8.0_242-b01) (build 1.8.0_242-release-1644-b01)
# Java VM: OpenJDK 64-Bit Server VM (25.242-b01 mixed mode windows-amd64 compressed oops)
# Failed to write core dump. Minidumps are not enabled by default on client versions of Windows
#

---------------  T H R E A D  ---------------

Current thread (0x0000000017168800):  JavaThread "C2 CompilerThread0" daemon [_thread_in_native, id=18492, stack(0x00000000187b0000,0x00000000188b0000)]

Stack: [0x00000000187b0000,0x00000000188b0000]
[error occurred during error reporting (printing stack bounds), id 0xc0000005]

Native frames: (J=compiled Java code, j=interpreted, Vv=VM code, C=native code)


Current CompileTask:
C2:   4988  877       4       java.io.WinNTFileSystem::normalize (143 bytes)


---------------  P R O C E S S  ---------------

Java Threads: ( => current thread )
  0x00000000199aa800 JavaThread "pool-1-thread-1" [_thread_blocked, id=2032, stack(0x000000001a880000,0x000000001a980000)]
  0x00000000188b9000 JavaThread "Service Thread" daemon [_thread_blocked, id=19488, stack(0x0000000018eb0000,0x0000000018fb0000)]
  0x00000000188b8800 JavaThread "C1 CompilerThread2" daemon [_thread_blocked, id=7656, stack(0x0000000018db0000,0x0000000018eb0000)]
  0x00000000171b5000 JavaThread "C2 CompilerThread1" daemon [_thread_in_native, id=3804, stack(0x0000000018cb0000,0x0000000018db0000)]
=>0x0000000017168800 JavaThread "C2 CompilerThread0" daemon [_thread_in_native, id=18492, stack(0x00000000187b0000,0x00000000188b0000)]
  0x0000000017167000 JavaThread "Attach Listener" daemon [_thread_blocked, id=11072, stack(0x00000000186b0000,0x00000000187b0000)]
  0x0000000017164800 JavaThread "Signal Dispatcher" daemon [_thread_blocked, id=21140, stack(0x00000000185b0000,0x00000000186b0000)]
  0x000000000269d000 JavaThread "Finalizer" daemon [_thread_blocked, id=16040, stack(0x00000000183b0000,0x00000000184b0000)]
  0x0000000017149000 JavaThread "Reference Handler" daemon [_thread_blocked, id=14100, stack(0x00000000182b0000,0x00000000183b0000)]
  0x00000000025a2800 JavaThread "main" [_thread_in_vm, id=5692, stack(0x00000000023d0000,0x00000000024d0000)]

Other Threads:
  0x0000000017126800 VMThread [stack: 0x00000000181b0000,0x00000000182b0000] [id=21380]
  0x00000000188ba000 WatcherThread [stack: 0x0000000018fb0000,0x00000000190b0000] [id=9972]

VM state:not at safepoint (normal execution)

VM Mutex/Monitor currently owned by a thread: None

heap address: 0x0000000082400000, size: 2012 MB, Compressed Oops mode: 32-bit
Narrow klass base: 0x0000000000000000, Narrow klass shift: 3
Compressed class space size: 1073741824 Address: 0x0000000100000000

Heap:
 PSYoungGen      total 37888K, used 19445K [0x00000000d6180000, 0x00000000d8b80000, 0x0000000100000000)
  eden space 32768K, 45% used [0x00000000d6180000,0x00000000d6ff4068,0x00000000d8180000)
  from space 5120K, 90% used [0x00000000d8180000,0x00000000d8609510,0x00000000d8680000)
  to   space 5120K, 0% used [0x00000000d8680000,0x00000000d8680000,0x00000000d8b80000)
 ParOldGen       total 86016K, used 8K [0x0000000082400000, 0x0000000087800000, 0x00000000d6180000)
  object space 86016K, 0% used [0x0000000082400000,0x0000000082402000,0x0000000087800000)
 Metaspace       used 10165K, capacity 10478K, committed 10752K, reserved 1058816K
  class space    used 1344K, capacity 1473K, committed 1536K, reserved 1048576K

Card table byte_map: [0x0000000011a60000,0x0000000011e50000] byte_map_base: 0x000000001164e000

Marking Bits: (ParMarkBitMap*) 0x000000006c8ef030
 Begin Bits: [0x00000000124f0000, 0x0000000014460000)
 End Bits:   [0x0000000014460000, 0x00000000163d0000)

Polling page: 0x0000000000b10000

CodeCache: size=245760Kb used=3454Kb max_used=3465Kb free=242305Kb
 bounds [0x00000000026a0000, 0x0000000002a10000, 0x00000000116a0000]
 total_blobs=1278 nmethods=931 adapters=261
 compilation: enabled

Compilation events (10 events):
Event: 4.958 Thread 0x00000000188b8800 nmethod 928 0x00000000029fec90 code [0x00000000029fede0, 0x00000000029feed0]
Event: 4.958 Thread 0x00000000188b8800  929       3       org.gradle.internal.stream.EncodedStream::access$000 (4 bytes)
Event: 4.958 Thread 0x00000000188b8800 nmethod 929 0x00000000029fef50 code [0x00000000029ff0a0, 0x00000000029ff1d0]
Event: 4.958 Thread 0x00000000188b8800  930       3       org.gradle.internal.io.StreamByteBuffer$StreamByteBufferOutputStream::write (22 bytes)
Event: 4.959 Thread 0x00000000188b8800 nmethod 930 0x00000000029ff250 code [0x00000000029ff3e0, 0x00000000029ff6a8]
Event: 4.962 Thread 0x00000000171b5000  931       4       java.lang.String::equalsIgnoreCase (48 bytes)
Event: 4.969 Thread 0x00000000171b5000 nmethod 931 0x0000000002a02a90 code [0x0000000002a02c00, 0x0000000002a031f8]
Event: 4.969 Thread 0x00000000171b5000  932       4       sun.nio.fs.WindowsPathParser::isSlash (18 bytes)
Event: 4.970 Thread 0x00000000171b5000 nmethod 932 0x00000000029ffc10 code [0x00000000029ffd40, 0x00000000029ffd98]
Event: 4.974 Thread 0x00000000171b5000  933   !   4       java.util.concurrent.ConcurrentHashMap::putVal (362 bytes)

GC Heap History (2 events):
Event: 3.326 GC heap before
{Heap before GC invocations=1 (full 0):
 PSYoungGen      total 37888K, used 32768K [0x00000000d6180000, 0x00000000d8b80000, 0x0000000100000000)
  eden space 32768K, 100% used [0x00000000d6180000,0x00000000d8180000,0x00000000d8180000)
  from space 5120K, 0% used [0x00000000d8680000,0x00000000d8680000,0x00000000d8b80000)
  to   space 5120K, 0% used [0x00000000d8180000,0x00000000d8180000,0x00000000d8680000)
 ParOldGen       total 86016K, used 0K [0x0000000082400000, 0x0000000087800000, 0x00000000d6180000)
  object space 86016K, 0% used [0x0000000082400000,0x0000000082400000,0x0000000087800000)
 Metaspace       used 8395K, capacity 8678K, committed 8960K, reserved 1056768K
  class space    used 1099K, capacity 1215K, committed 1280K, reserved 1048576K
Event: 3.340 GC heap after
Heap after GC invocations=1 (full 0):
 PSYoungGen      total 37888K, used 4645K [0x00000000d6180000, 0x00000000d8b80000, 0x0000000100000000)
  eden space 32768K, 0% used [0x00000000d6180000,0x00000000d6180000,0x00000000d8180000)
  from space 5120K, 90% used [0x00000000d8180000,0x00000000d8609510,0x00000000d8680000)
  to   space 5120K, 0% used [0x00000000d8680000,0x00000000d8680000,0x00000000d8b80000)
 ParOldGen       total 86016K, used 8K [0x0000000082400000, 0x0000000087800000, 0x00000000d6180000)
  object space 86016K, 0% used [0x0000000082400000,0x0000000082402000,0x0000000087800000)
 Metaspace       used 8395K, capacity 8678K, committed 8960K, reserved 1056768K
  class space    used 1099K, capacity 1215K, committed 1280K, reserved 1048576K
}

Deoptimization events (7 events):
Event: 2.689 Thread 0x00000000025a2800 Uncommon trap: reason=unstable_if action=reinterpret pc=0x0000000002888000 method=java.util.regex.Matcher.reset()Ljava/util/regex/Matcher; @ 47
Event: 2.689 Thread 0x00000000025a2800 Uncommon trap: reason=class_check action=maybe_recompile pc=0x000000000288df1c method=java.util.regex.Matcher.match(II)Z @ 86
Event: 2.689 Thread 0x00000000025a2800 Uncommon trap: reason=class_check action=maybe_recompile pc=0x000000000288df1c method=java.util.regex.Matcher.match(II)Z @ 86
Event: 2.690 Thread 0x00000000025a2800 Uncommon trap: reason=class_check action=maybe_recompile pc=0x000000000288df1c method=java.util.regex.Matcher.match(II)Z @ 86
Event: 2.690 Thread 0x00000000025a2800 Uncommon trap: reason=class_check action=maybe_recompile pc=0x000000000288df1c method=java.util.regex.Matcher.match(II)Z @ 86
Event: 3.542 Thread 0x00000000025a2800 Uncommon trap: reason=unstable_if action=reinterpret pc=0x0000000002936bb4 method=java.util.HashMap.getNode(ILjava/lang/Object;)Ljava/util/HashMap$Node; @ 129
Event: 3.542 Thread 0x00000000025a2800 Uncommon trap: reason=bimorphic action=maybe_recompile pc=0x0000000002934ef4 method=java.util.HashMap.putVal(ILjava/lang/Object;Ljava/lang/Object;ZZ)Ljava/lang/Object; @ 203

Classes redefined (0 events):
No events

Internal exceptions (10 events):
Event: 3.108 Thread 0x00000000025a2800 Exception <a 'java/lang/NoSuchMethodError': java.lang.Object.lambda$static$0(Lorg/gradle/internal/state/ModelObject;)Ljava/lang/String;> (0x00000000d7dd3f08) thrown at [C:\src\AOSP-openjdk-git\hotspot\src\share\vm\interpreter\linkResolver.cpp, line 620]
Event: 3.397 Thread 0x00000000025a2800 Exception <a 'java/lang/ArrayIndexOutOfBoundsException'> (0x00000000d62e4650) thrown at [C:\src\AOSP-openjdk-git\hotspot\src\share\vm\runtime\sharedRuntime.cpp, line 605]
Event: 3.398 Thread 0x00000000025a2800 Exception <a 'java/lang/ArrayIndexOutOfBoundsException'> (0x00000000d62e8a50) thrown at [C:\src\AOSP-openjdk-git\hotspot\src\share\vm\runtime\sharedRuntime.cpp, line 605]
Event: 3.406 Thread 0x00000000025a2800 Exception <a 'java/lang/ArrayIndexOutOfBoundsException'> (0x00000000d63593a8) thrown at [C:\src\AOSP-openjdk-git\hotspot\src\share\vm\runtime\sharedRuntime.cpp, line 605]
Event: 3.406 Thread 0x00000000025a2800 Exception <a 'java/lang/ArrayIndexOutOfBoundsException'> (0x00000000d635b298) thrown at [C:\src\AOSP-openjdk-git\hotspot\src\share\vm\runtime\sharedRuntime.cpp, line 605]
Event: 3.407 Thread 0x00000000025a2800 Exception <a 'java/lang/ArrayIndexOutOfBoundsException'> (0x00000000d635c368) thrown at [C:\src\AOSP-openjdk-git\hotspot\src\share\vm\runtime\sharedRuntime.cpp, line 605]
Event: 3.407 Thread 0x00000000025a2800 Exception <a 'java/lang/ArrayIndexOutOfBoundsException'> (0x00000000d635e0d0) thrown at [C:\src\AOSP-openjdk-git\hotspot\src\share\vm\runtime\sharedRuntime.cpp, line 605]
Event: 3.408 Thread 0x00000000025a2800 Exception <a 'java/lang/ArrayIndexOutOfBoundsException'> (0x00000000d6360b58) thrown at [C:\src\AOSP-openjdk-git\hotspot\src\share\vm\runtime\sharedRuntime.cpp, line 605]
Event: 3.408 Thread 0x00000000025a2800 Exception <a 'java/lang/ArrayIndexOutOfBoundsException'> (0x00000000d6362128) thrown at [C:\src\AOSP-openjdk-git\hotspot\src\share\vm\runtime\sharedRuntime.cpp, line 605]
Event: 3.408 Thread 0x00000000025a2800 Exception <a 'java/lang/ArrayIndexOutOfBoundsException'> (0x00000000d63643e8) thrown at [C:\src\AOSP-openjdk-git\hotspot\src\share\vm\runtime\sharedRuntime.cpp, line 605]

Events (10 events):
Event: 4.974 loading class java/util/concurrent/CountDownLatch$Sync
Event: 4.974 loading class java/util/concurrent/CountDownLatch$Sync done
Event: 4.974 loading class org/apache/commons/lang/StringUtils
Event: 4.974 loading class org/apache/commons/lang/StringUtils done
Event: 4.982 loading class org/gradle/process/internal/DefaultExecHandle
Event: 4.982 loading class org/gradle/process/internal/DefaultExecHandle done
Event: 4.982 loading class org/gradle/process/internal/ProcessSettings
Event: 4.982 loading class org/gradle/process/internal/ProcessSettings done
Event: 4.983 loading class org/gradle/process/ExecResult
Event: 4.983 loading class org/gradle/process/ExecResult done


Dynamic libraries:
0x00007ff783710000 - 0x00007ff783741000 	D:\Z_ProgramFiles\Android Studio\jre\bin\java.exe
0x00007fff4b730000 - 0x00007fff4b925000 	C:\WINDOWS\SYSTEM32\ntdll.dll
0x00007fff4a5b0000 - 0x00007fff4a66d000 	C:\WINDOWS\System32\KERNEL32.DLL
0x00007fff49170000 - 0x00007fff49439000 	C:\WINDOWS\System32\KERNELBASE.dll
0x000000006e6b0000 - 0x000000006e756000 	C:\WINDOWS\System32\SYSFER.DLL
0x00007fff4a7c0000 - 0x00007fff4a86c000 	C:\WINDOWS\System32\ADVAPI32.dll
0x00007fff4a430000 - 0x00007fff4a4ce000 	C:\WINDOWS\System32\msvcrt.dll
0x00007fff49c40000 - 0x00007fff49cdb000 	C:\WINDOWS\System32\sechost.dll
0x00007fff4ab00000 - 0x00007fff4ac2a000 	C:\WINDOWS\System32\RPCRT4.dll
0x00007fff4a8d0000 - 0x00007fff4aa70000 	C:\WINDOWS\System32\USER32.dll
0x00007fff49770000 - 0x00007fff49792000 	C:\WINDOWS\System32\win32u.dll
0x00007fff4a670000 - 0x00007fff4a69a000 	C:\WINDOWS\System32\GDI32.dll
0x00007fff48f00000 - 0x00007fff4900b000 	C:\WINDOWS\System32\gdi32full.dll
0x00007fff495a0000 - 0x00007fff4963d000 	C:\WINDOWS\System32\msvcp_win.dll
0x00007fff49010000 - 0x00007fff49110000 	C:\WINDOWS\System32\ucrtbase.dll
0x00007fff364d0000 - 0x00007fff3676a000 	C:\WINDOWS\WinSxS\amd64_microsoft.windows.common-controls_6595b64144ccf1df_6.0.19041.1110_none_60b5254171f9507e\COMCTL32.dll
0x00007fff497a0000 - 0x00007fff497d0000 	C:\WINDOWS\System32\IMM32.DLL
0x000000006d8d0000 - 0x000000006d9a2000 	D:\Z_ProgramFiles\Android Studio\jre\jre\bin\msvcr100.dll
0x000000006c120000 - 0x000000006c96b000 	D:\Z_ProgramFiles\Android Studio\jre\jre\bin\server\jvm.dll
0x00007fff4aee0000 - 0x00007fff4aee8000 	C:\WINDOWS\System32\PSAPI.DLL
0x00007fff31040000 - 0x00007fff31049000 	C:\WINDOWS\SYSTEM32\WSOCK32.dll
0x00007fff4aa70000 - 0x00007fff4aadb000 	C:\WINDOWS\System32\WS2_32.dll
0x00007fff33150000 - 0x00007fff33177000 	C:\WINDOWS\SYSTEM32\WINMM.dll
0x00007fff396f0000 - 0x00007fff396fa000 	C:\WINDOWS\SYSTEM32\VERSION.dll
0x00007fff44120000 - 0x00007fff4412f000 	D:\Z_ProgramFiles\Android Studio\jre\jre\bin\verify.dll
0x00007fff32120000 - 0x00007fff32149000 	D:\Z_ProgramFiles\Android Studio\jre\jre\bin\java.dll
0x00007fff394a0000 - 0x00007fff394b6000 	D:\Z_ProgramFiles\Android Studio\jre\jre\bin\zip.dll
0x00007fff49cf0000 - 0x00007fff4a42f000 	C:\WINDOWS\System32\SHELL32.dll
0x00007fff46f50000 - 0x00007fff476e1000 	C:\WINDOWS\SYSTEM32\windows.storage.dll
0x00007fff4afa0000 - 0x00007fff4b2f5000 	C:\WINDOWS\System32\combase.dll
0x00007fff488e0000 - 0x00007fff4890c000 	C:\WINDOWS\SYSTEM32\Wldp.dll
0x00007fff4b570000 - 0x00007fff4b61e000 	C:\WINDOWS\System32\SHCORE.dll
0x00007fff4adf0000 - 0x00007fff4ae45000 	C:\WINDOWS\System32\shlwapi.dll
0x00007fff48db0000 - 0x00007fff48dcf000 	C:\WINDOWS\SYSTEM32\profapi.dll
0x00007fff32100000 - 0x00007fff3211a000 	D:\Z_ProgramFiles\Android Studio\jre\jre\bin\net.dll
0x00007fff48640000 - 0x00007fff486aa000 	C:\WINDOWS\system32\mswsock.dll
0x00007fff320e0000 - 0x00007fff320f3000 	D:\Z_ProgramFiles\Android Studio\jre\jre\bin\nio.dll
0x00007fff1cc20000 - 0x00007fff1cc46000 	C:\Users\xp\.gradle\native\fdc75f09e3144964f2cf3f50f0aa648679c211496f362492102eb8c894070792\windows-amd64\native-platform.dll
0x00007fff12490000 - 0x00007fff12621000 	C:\Users\xp\.gradle\native\12488b8bf47d2d4c9fbf2f6322a914ad602e24e48041cd04a747c6da556b65c4\windows-amd64\native-platform-file-events.dll
0x00007fff41ec0000 - 0x00007fff41ecd000 	D:\Z_ProgramFiles\Android Studio\jre\jre\bin\management.dll
0x00007fff48820000 - 0x00007fff48838000 	C:\WINDOWS\SYSTEM32\CRYPTSP.dll
0x00007fff47f70000 - 0x00007fff47fa4000 	C:\WINDOWS\system32\rsaenh.dll
0x00007fff49740000 - 0x00007fff49767000 	C:\WINDOWS\System32\bcrypt.dll
0x00007fff48d70000 - 0x00007fff48d9e000 	C:\WINDOWS\SYSTEM32\USERENV.dll
0x00007fff48e70000 - 0x00007fff48ef3000 	C:\WINDOWS\System32\bcryptprimitives.dll
0x00007fff48840000 - 0x00007fff4884c000 	C:\WINDOWS\SYSTEM32\CRYPTBASE.dll
0x00007fff482e0000 - 0x00007fff4831b000 	C:\WINDOWS\SYSTEM32\IPHLPAPI.DLL
0x00007fff49ce0000 - 0x00007fff49ce8000 	C:\WINDOWS\System32\NSI.dll
0x00007fff39cc0000 - 0x00007fff39cd7000 	C:\WINDOWS\SYSTEM32\dhcpcsvc6.DLL
0x00007fff3a120000 - 0x00007fff3a13d000 	C:\WINDOWS\SYSTEM32\dhcpcsvc.DLL
0x00007fff48330000 - 0x00007fff483fc000 	C:\WINDOWS\SYSTEM32\DNSAPI.dll
0x00007fff3a370000 - 0x00007fff3a37b000 	C:\WINDOWS\SYSTEM32\WINNSI.DLL

VM Arguments:
jvm_args: -Dorg.gradle.appname=gradlew 
java_command: org.gradle.wrapper.GradleWrapperMain -q -Ptarget-platform=android-x86 -Ptarget=C:\Users\xp\AndroidStudioProjects\wotm_app\lib\main.dart -Ptrack-widget-creation=true -Pfilesystem-scheme=org-dartlang-root -Pdart-defines=flutter.inspector.structuredErrors%3Dtrue assembleDebug
java_class_path (initial): C:\Users\xp\AndroidStudioProjects\wotm_app\android\\gradle\wrapper\gradle-wrapper.jar
Launcher Type: SUN_STANDARD

Environment Variables:
JAVA_HOME=D:\Z_ProgramFiles\Android Studio\jre
JRE_HOME=C:\Program Files\Java\jre1.8.0_291
CLASSPATH=C:\Users\xp\AndroidStudioProjects\wotm_app\android\\gradle\wrapper\gradle-wrapper.jar
PATH=C:\Program Files (x86)\Common Files\Oracle\Java\javapath;C:\Program Files (x86)\Common Files\Intel\Shared Libraries\redist\intel64\compiler;C:\WINDOWS\system32;C:\WINDOWS;C:\WINDOWS\System32\Wbem;C:\WINDOWS\System32\WindowsPowerShell\v1.0\;C:\Program Files\Intel\WiFi\bin\;C:\Program Files\Common Files\Intel\WirelessCommon\;C:\WINDOWS\System32\OpenSSH\;D:\Z_ProgramFiles\Node JS\nodejs;D:\Z_ProgramFiles\Git\cmd;D:\Z_ProgramFiles\Android Studio\bin\studio;C:\Program Files\flutter\bin;c:\Program Files (x86)\Intel\Intel(R) Management Engine Components\DAL;c:\Program Files\Intel\Intel(R) Management Engine Components\DAL;C:\Users\xp\AppData\Local\Microsoft\WindowsApps;D:\Z_ProgramFiles\JpegminPro3\;C:\Program Files\flutter\bin\mingit\cmd
USERNAME=xp
OS=Windows_NT
PROCESSOR_IDENTIFIER=Intel64 Family 6 Model 142 Stepping 9, GenuineIntel



---------------  S Y S T E M  ---------------

OS: Windows 10.0 , 64 bit Build 19041 (10.0.19041.1023)

CPU:total 4 (initial active 4) (2 cores per cpu, 2 threads per core) family 6 model 142 stepping 9, cmov, cx8, fxsr, mmx, sse, sse2, sse3, ssse3, sse4.1, sse4.2, popcnt, avx, avx2, aes, clmul, erms, 3dnowpref, lzcnt, ht, tsc, tscinvbit, bmi1, bmi2, adx

Memory: 4k page, physical 8241064k(127884k free), swap 26534948k(1968k free)

vm_info: OpenJDK 64-Bit Server VM (25.242-b01) for windows-amd64 JRE (1.8.0_242-release-1644-b01), built by "builder" with MS VC++ 10.0 (VS2010)

time: Fri Aug 13 02:46:48 2021
timezone: Malay Peninsula Standard Time
elapsed time: 4 seconds (0d 0h 0m 4s)

