#
# There is insufficient memory for the Java Runtime Environment to continue.
# Native memory allocation (malloc) failed to allocate 1197776 bytes for Chunk::new
# Possible reasons:
#   The system is out of physical RAM or swap space
#   The process is running with CompressedOops enabled, and the Java Heap may be blocking the growth of the native heap
# Possible solutions:
#   Reduce memory load on the system
#   Increase physical memory or swap space
#   Check if swap backing store is full
#   Decrease Java heap size (-Xmx/-Xms)
#   Decrease number of Java threads
#   Decrease Java thread stack sizes (-Xss)
#   Set larger code cache with -XX:ReservedCodeCacheSize=
#   JVM is running with Unscaled Compressed Oops mode in which the Java heap is
#     placed in the first 4GB address space. The Java Heap base address is the
#     maximum limit for the native heap growth. Please use -XX:HeapBaseMinAddress
#     to set the Java Heap base and to place the Java Heap above 4GB virtual address.
# This output file may be truncated or incomplete.
#
#  Out of Memory Error (allocation.cpp:389), pid=3348, tid=0x0000000000004264
#
# JRE version: OpenJDK Runtime Environment (8.0_242-b01) (build 1.8.0_242-release-1644-b01)
# Java VM: OpenJDK 64-Bit Server VM (25.242-b01 mixed mode windows-amd64 compressed oops)
# Failed to write core dump. Minidumps are not enabled by default on client versions of Windows
#

---------------  T H R E A D  ---------------

Current thread (0x0000000017199800):  JavaThread "C2 CompilerThread0" daemon [_thread_in_native, id=16996, stack(0x00000000187e0000,0x00000000188e0000)]

Stack: [0x00000000187e0000,0x00000000188e0000]
[error occurred during error reporting (printing stack bounds), id 0xc0000005]

Native frames: (J=compiled Java code, j=interpreted, Vv=VM code, C=native code)


Current CompileTask:
C2:   3197  868       4       java.io.WinNTFileSystem::normalize (143 bytes)


---------------  P R O C E S S  ---------------

Java Threads: ( => current thread )
  0x0000000019ec5800 JavaThread "Exec process Thread 2" [_thread_blocked, id=12196, stack(0x000000001b410000,0x000000001b510000)]
  0x000000001a1b4800 JavaThread "Exec process" [_thread_in_Java, id=16748, stack(0x000000001b210000,0x000000001b310000)]
  0x0000000019806000 JavaThread "pool-1-thread-1" [_thread_blocked, id=20616, stack(0x000000001a8b0000,0x000000001a9b0000)]
  0x0000000018b09000 JavaThread "Service Thread" daemon [_thread_blocked, id=9248, stack(0x0000000018ee0000,0x0000000018fe0000)]
  0x00000000171a3800 JavaThread "C1 CompilerThread2" daemon [_thread_blocked, id=14176, stack(0x00000000189e0000,0x0000000018ae0000)]
  0x000000001719b800 JavaThread "C2 CompilerThread1" daemon [_thread_blocked, id=7928, stack(0x00000000188e0000,0x00000000189e0000)]
=>0x0000000017199800 JavaThread "C2 CompilerThread0" daemon [_thread_in_native, id=16996, stack(0x00000000187e0000,0x00000000188e0000)]
  0x0000000017198000 JavaThread "Attach Listener" daemon [_thread_blocked, id=19120, stack(0x00000000186e0000,0x00000000187e0000)]
  0x0000000017196000 JavaThread "Signal Dispatcher" daemon [_thread_blocked, id=7796, stack(0x00000000185e0000,0x00000000186e0000)]
  0x000000001717a000 JavaThread "Finalizer" daemon [_thread_blocked, id=19736, stack(0x00000000183e0000,0x00000000184e0000)]
  0x0000000017179000 JavaThread "Reference Handler" daemon [_thread_blocked, id=21484, stack(0x00000000182e0000,0x00000000183e0000)]
  0x00000000025d2800 JavaThread "main" [_thread_blocked, id=21424, stack(0x0000000002450000,0x0000000002550000)]

Other Threads:
  0x0000000017156800 VMThread [stack: 0x00000000181e0000,0x00000000182e0000] [id=11900]
  0x00000000171ee000 WatcherThread [stack: 0x0000000018fe0000,0x00000000190e0000] [id=13028]

VM state:not at safepoint (normal execution)

VM Mutex/Monitor currently owned by a thread: None

heap address: 0x0000000082400000, size: 2012 MB, Compressed Oops mode: 32-bit
Narrow klass base: 0x0000000000000000, Narrow klass shift: 3
Compressed class space size: 1073741824 Address: 0x0000000100000000

Heap:
 PSYoungGen      total 37888K, used 21218K [0x00000000d6180000, 0x00000000d8b80000, 0x0000000100000000)
  eden space 32768K, 50% used [0x00000000d6180000,0x00000000d71b26d0,0x00000000d8180000)
  from space 5120K, 90% used [0x00000000d8180000,0x00000000d86061c0,0x00000000d8680000)
  to   space 5120K, 0% used [0x00000000d8680000,0x00000000d8680000,0x00000000d8b80000)
 ParOldGen       total 86016K, used 8K [0x0000000082400000, 0x0000000087800000, 0x00000000d6180000)
  object space 86016K, 0% used [0x0000000082400000,0x0000000082402000,0x0000000087800000)
 Metaspace       used 10630K, capacity 10894K, committed 11008K, reserved 1058816K
  class space    used 1396K, capacity 1505K, committed 1536K, reserved 1048576K

Card table byte_map: [0x0000000011a90000,0x0000000011e80000] byte_map_base: 0x000000001167e000

Marking Bits: (ParMarkBitMap*) 0x000000006c8ef030
 Begin Bits: [0x0000000012520000, 0x0000000014490000)
 End Bits:   [0x0000000014490000, 0x0000000016400000)

Polling page: 0x0000000000c80000

CodeCache: size=245760Kb used=3473Kb max_used=3473Kb free=242286Kb
 bounds [0x00000000026d0000, 0x0000000002a40000, 0x00000000116d0000]
 total_blobs=1288 nmethods=940 adapters=262
 compilation: enabled

Compilation events (10 events):
Event: 3.121 Thread 0x00000000171a3800  936       3       java.util.HashMap::getNode (148 bytes)
Event: 3.121 Thread 0x00000000171a3800 nmethod 936 0x0000000002a2dd10 code [0x0000000002a2dee0, 0x0000000002a2e888]
Event: 3.124 Thread 0x00000000171a3800  937       3       java.util.regex.Pattern$TreeInfo::reset (21 bytes)
Event: 3.124 Thread 0x00000000171a3800 nmethod 937 0x0000000002a2d9d0 code [0x0000000002a2db20, 0x0000000002a2dc90]
Event: 3.164 Thread 0x00000000171a3800  938       3       sun.util.locale.LocaleUtils::isUpper (18 bytes)
Event: 3.164 Thread 0x00000000171a3800 nmethod 938 0x0000000002a2d650 code [0x0000000002a2d7a0, 0x0000000002a2d970]
Event: 3.166 Thread 0x00000000171a3800  939       3       sun.reflect.ReflectionFactory::langReflectAccess (15 bytes)
Event: 3.166 Thread 0x00000000171a3800 nmethod 939 0x0000000002a35b50 code [0x0000000002a35cc0, 0x0000000002a35ed0]
Event: 3.166 Thread 0x00000000171a3800  940       3       java.lang.reflect.AccessibleObject::<init> (5 bytes)
Event: 3.166 Thread 0x00000000171a3800 nmethod 940 0x0000000002a35790 code [0x0000000002a358e0, 0x0000000002a35a90]

GC Heap History (2 events):
Event: 1.450 GC heap before
{Heap before GC invocations=1 (full 0):
 PSYoungGen      total 37888K, used 32768K [0x00000000d6180000, 0x00000000d8b80000, 0x0000000100000000)
  eden space 32768K, 100% used [0x00000000d6180000,0x00000000d8180000,0x00000000d8180000)
  from space 5120K, 0% used [0x00000000d8680000,0x00000000d8680000,0x00000000d8b80000)
  to   space 5120K, 0% used [0x00000000d8180000,0x00000000d8180000,0x00000000d8680000)
 ParOldGen       total 86016K, used 0K [0x0000000082400000, 0x0000000087800000, 0x00000000d6180000)
  object space 86016K, 0% used [0x0000000082400000,0x0000000082400000,0x0000000087800000)
 Metaspace       used 8383K, capacity 8678K, committed 8960K, reserved 1056768K
  class space    used 1099K, capacity 1215K, committed 1280K, reserved 1048576K
Event: 1.457 GC heap after
Heap after GC invocations=1 (full 0):
 PSYoungGen      total 37888K, used 4632K [0x00000000d6180000, 0x00000000d8b80000, 0x0000000100000000)
  eden space 32768K, 0% used [0x00000000d6180000,0x00000000d6180000,0x00000000d8180000)
  from space 5120K, 90% used [0x00000000d8180000,0x00000000d86061c0,0x00000000d8680000)
  to   space 5120K, 0% used [0x00000000d8680000,0x00000000d8680000,0x00000000d8b80000)
 ParOldGen       total 86016K, used 8K [0x0000000082400000, 0x0000000087800000, 0x00000000d6180000)
  object space 86016K, 0% used [0x0000000082400000,0x0000000082402000,0x0000000087800000)
 Metaspace       used 8383K, capacity 8678K, committed 8960K, reserved 1056768K
  class space    used 1099K, capacity 1215K, committed 1280K, reserved 1048576K
}

Deoptimization events (10 events):
Event: 1.168 Thread 0x00000000025d2800 Uncommon trap: reason=unstable_if action=reinterpret pc=0x00000000028ab5c0 method=java.util.regex.Matcher.reset()Ljava/util/regex/Matcher; @ 47
Event: 1.168 Thread 0x00000000025d2800 Uncommon trap: reason=class_check action=maybe_recompile pc=0x00000000028b539c method=java.util.regex.Matcher.match(II)Z @ 86
Event: 1.168 Thread 0x00000000025d2800 Uncommon trap: reason=class_check action=maybe_recompile pc=0x00000000028b539c method=java.util.regex.Matcher.match(II)Z @ 86
Event: 1.178 Thread 0x00000000025d2800 Uncommon trap: reason=class_check action=maybe_recompile pc=0x00000000028b539c method=java.util.regex.Matcher.match(II)Z @ 86
Event: 1.178 Thread 0x00000000025d2800 Uncommon trap: reason=class_check action=maybe_recompile pc=0x00000000028b539c method=java.util.regex.Matcher.match(II)Z @ 86
Event: 1.560 Thread 0x00000000025d2800 Uncommon trap: reason=unstable_if action=reinterpret pc=0x00000000029519b4 method=java.util.HashMap.getNode(ILjava/lang/Object;)Ljava/util/HashMap$Node; @ 129
Event: 1.560 Thread 0x00000000025d2800 Uncommon trap: reason=bimorphic action=maybe_recompile pc=0x0000000002960834 method=java.util.HashMap.putVal(ILjava/lang/Object;Ljava/lang/Object;ZZ)Ljava/lang/Object; @ 203
Event: 3.120 Thread 0x000000001a1b4800 Uncommon trap: reason=unstable_if action=reinterpret pc=0x000000000294c804 method=java.util.HashMap.getNode(ILjava/lang/Object;)Ljava/util/HashMap$Node; @ 129
Event: 3.120 Thread 0x000000001a1b4800 Uncommon trap: reason=bimorphic action=maybe_recompile pc=0x0000000002960834 method=java.util.HashMap.putVal(ILjava/lang/Object;Ljava/lang/Object;ZZ)Ljava/lang/Object; @ 203
Event: 3.120 Thread 0x000000001a1b4800 Uncommon trap: reason=bimorphic action=maybe_recompile pc=0x0000000002960834 method=java.util.HashMap.putVal(ILjava/lang/Object;Ljava/lang/Object;ZZ)Ljava/lang/Object; @ 203

Classes redefined (0 events):
No events

Internal exceptions (10 events):
Event: 1.382 Thread 0x00000000025d2800 Exception <a 'java/lang/NoSuchMethodError': java.lang.Object.lambda$static$0(Lorg/gradle/internal/state/ModelObject;)Ljava/lang/String;> (0x00000000d7dd3658) thrown at [C:\src\AOSP-openjdk-git\hotspot\src\share\vm\interpreter\linkResolver.cpp, line 620]
Event: 1.477 Thread 0x00000000025d2800 Exception <a 'java/lang/ArrayIndexOutOfBoundsException'> (0x00000000d6290390) thrown at [C:\src\AOSP-openjdk-git\hotspot\src\share\vm\runtime\sharedRuntime.cpp, line 605]
Event: 1.477 Thread 0x00000000025d2800 Exception <a 'java/lang/ArrayIndexOutOfBoundsException'> (0x00000000d6294790) thrown at [C:\src\AOSP-openjdk-git\hotspot\src\share\vm\runtime\sharedRuntime.cpp, line 605]
Event: 1.482 Thread 0x00000000025d2800 Exception <a 'java/lang/ArrayIndexOutOfBoundsException'> (0x00000000d6302940) thrown at [C:\src\AOSP-openjdk-git\hotspot\src\share\vm\runtime\sharedRuntime.cpp, line 605]
Event: 1.483 Thread 0x00000000025d2800 Exception <a 'java/lang/ArrayIndexOutOfBoundsException'> (0x00000000d6303a18) thrown at [C:\src\AOSP-openjdk-git\hotspot\src\share\vm\runtime\sharedRuntime.cpp, line 605]
Event: 1.483 Thread 0x00000000025d2800 Exception <a 'java/lang/ArrayIndexOutOfBoundsException'> (0x00000000d63055b0) thrown at [C:\src\AOSP-openjdk-git\hotspot\src\share\vm\runtime\sharedRuntime.cpp, line 605]
Event: 1.483 Thread 0x00000000025d2800 Exception <a 'java/lang/ArrayIndexOutOfBoundsException'> (0x00000000d6306e20) thrown at [C:\src\AOSP-openjdk-git\hotspot\src\share\vm\runtime\sharedRuntime.cpp, line 605]
Event: 1.483 Thread 0x00000000025d2800 Exception <a 'java/lang/ArrayIndexOutOfBoundsException'> (0x00000000d630a5f0) thrown at [C:\src\AOSP-openjdk-git\hotspot\src\share\vm\runtime\sharedRuntime.cpp, line 605]
Event: 1.484 Thread 0x00000000025d2800 Exception <a 'java/lang/ArrayIndexOutOfBoundsException'> (0x00000000d630d6f8) thrown at [C:\src\AOSP-openjdk-git\hotspot\src\share\vm\runtime\sharedRuntime.cpp, line 605]
Event: 1.484 Thread 0x00000000025d2800 Exception <a 'java/lang/ArrayIndexOutOfBoundsException'> (0x00000000d6310070) thrown at [C:\src\AOSP-openjdk-git\hotspot\src\share\vm\runtime\sharedRuntime.cpp, line 605]

Events (10 events):
Event: 3.168 loading class java/text/spi/DecimalFormatSymbolsProvider
Event: 3.168 loading class java/text/spi/DecimalFormatSymbolsProvider done
Event: 3.168 loading class sun/util/locale/provider/DecimalFormatSymbolsProviderImpl
Event: 3.168 loading class sun/util/locale/provider/DecimalFormatSymbolsProviderImpl done
Event: 3.168 loading class sun/util/resources/ParallelListResourceBundle$KeySet
Event: 3.169 loading class sun/util/resources/ParallelListResourceBundle$KeySet done
Event: 3.169 loading class java/util/Currency
Event: 3.173 loading class java/util/Currency done
Event: 3.173 loading class java/util/Currency$1
Event: 3.173 loading class java/util/Currency$1 done


Dynamic libraries:
0x00007ff6e6950000 - 0x00007ff6e6981000 	D:\Z_ProgramFiles\Android Studio\jre\bin\java.exe
0x00007fff4b730000 - 0x00007fff4b925000 	C:\WINDOWS\SYSTEM32\ntdll.dll
0x00007fff4a5b0000 - 0x00007fff4a66d000 	C:\WINDOWS\System32\KERNEL32.DLL
0x00007fff49170000 - 0x00007fff49439000 	C:\WINDOWS\System32\KERNELBASE.dll
0x000000006e6b0000 - 0x000000006e756000 	C:\WINDOWS\System32\SYSFER.DLL
0x00007fff4a7c0000 - 0x00007fff4a86c000 	C:\WINDOWS\System32\ADVAPI32.dll
0x00007fff4a430000 - 0x00007fff4a4ce000 	C:\WINDOWS\System32\msvcrt.dll
0x00007fff49c40000 - 0x00007fff49cdb000 	C:\WINDOWS\System32\sechost.dll
0x00007fff4ab00000 - 0x00007fff4ac2a000 	C:\WINDOWS\System32\RPCRT4.dll
0x00007fff4a8d0000 - 0x00007fff4aa70000 	C:\WINDOWS\System32\USER32.dll
0x00007fff49770000 - 0x00007fff49792000 	C:\WINDOWS\System32\win32u.dll
0x00007fff4a670000 - 0x00007fff4a69a000 	C:\WINDOWS\System32\GDI32.dll
0x00007fff48f00000 - 0x00007fff4900b000 	C:\WINDOWS\System32\gdi32full.dll
0x00007fff495a0000 - 0x00007fff4963d000 	C:\WINDOWS\System32\msvcp_win.dll
0x00007fff49010000 - 0x00007fff49110000 	C:\WINDOWS\System32\ucrtbase.dll
0x00007fff364d0000 - 0x00007fff3676a000 	C:\WINDOWS\WinSxS\amd64_microsoft.windows.common-controls_6595b64144ccf1df_6.0.19041.1110_none_60b5254171f9507e\COMCTL32.dll
0x00007fff497a0000 - 0x00007fff497d0000 	C:\WINDOWS\System32\IMM32.DLL
0x000000006d8d0000 - 0x000000006d9a2000 	D:\Z_ProgramFiles\Android Studio\jre\jre\bin\msvcr100.dll
0x000000006c120000 - 0x000000006c96b000 	D:\Z_ProgramFiles\Android Studio\jre\jre\bin\server\jvm.dll
0x00007fff4aee0000 - 0x00007fff4aee8000 	C:\WINDOWS\System32\PSAPI.DLL
0x00007fff31040000 - 0x00007fff31049000 	C:\WINDOWS\SYSTEM32\WSOCK32.dll
0x00007fff4aa70000 - 0x00007fff4aadb000 	C:\WINDOWS\System32\WS2_32.dll
0x00007fff33150000 - 0x00007fff33177000 	C:\WINDOWS\SYSTEM32\WINMM.dll
0x00007fff396f0000 - 0x00007fff396fa000 	C:\WINDOWS\SYSTEM32\VERSION.dll
0x00007fff44120000 - 0x00007fff4412f000 	D:\Z_ProgramFiles\Android Studio\jre\jre\bin\verify.dll
0x00007fff32120000 - 0x00007fff32149000 	D:\Z_ProgramFiles\Android Studio\jre\jre\bin\java.dll
0x00007fff394a0000 - 0x00007fff394b6000 	D:\Z_ProgramFiles\Android Studio\jre\jre\bin\zip.dll
0x00007fff49cf0000 - 0x00007fff4a42f000 	C:\WINDOWS\System32\SHELL32.dll
0x00007fff46f50000 - 0x00007fff476e1000 	C:\WINDOWS\SYSTEM32\windows.storage.dll
0x00007fff4afa0000 - 0x00007fff4b2f5000 	C:\WINDOWS\System32\combase.dll
0x00007fff488e0000 - 0x00007fff4890c000 	C:\WINDOWS\SYSTEM32\Wldp.dll
0x00007fff4b570000 - 0x00007fff4b61e000 	C:\WINDOWS\System32\SHCORE.dll
0x00007fff4adf0000 - 0x00007fff4ae45000 	C:\WINDOWS\System32\shlwapi.dll
0x00007fff48db0000 - 0x00007fff48dcf000 	C:\WINDOWS\SYSTEM32\profapi.dll
0x00007fff32100000 - 0x00007fff3211a000 	D:\Z_ProgramFiles\Android Studio\jre\jre\bin\net.dll
0x00007fff48640000 - 0x00007fff486aa000 	C:\WINDOWS\system32\mswsock.dll
0x00007fff320e0000 - 0x00007fff320f3000 	D:\Z_ProgramFiles\Android Studio\jre\jre\bin\nio.dll
0x00007fff24620000 - 0x00007fff24646000 	C:\Users\xp\.gradle\native\fdc75f09e3144964f2cf3f50f0aa648679c211496f362492102eb8c894070792\windows-amd64\native-platform.dll
0x00007fff12490000 - 0x00007fff12621000 	C:\Users\xp\.gradle\native\12488b8bf47d2d4c9fbf2f6322a914ad602e24e48041cd04a747c6da556b65c4\windows-amd64\native-platform-file-events.dll
0x00007fff41ec0000 - 0x00007fff41ecd000 	D:\Z_ProgramFiles\Android Studio\jre\jre\bin\management.dll
0x00007fff48820000 - 0x00007fff48838000 	C:\WINDOWS\SYSTEM32\CRYPTSP.dll
0x00007fff47f70000 - 0x00007fff47fa4000 	C:\WINDOWS\system32\rsaenh.dll
0x00007fff49740000 - 0x00007fff49767000 	C:\WINDOWS\System32\bcrypt.dll
0x00007fff48d70000 - 0x00007fff48d9e000 	C:\WINDOWS\SYSTEM32\USERENV.dll
0x00007fff48e70000 - 0x00007fff48ef3000 	C:\WINDOWS\System32\bcryptprimitives.dll
0x00007fff48840000 - 0x00007fff4884c000 	C:\WINDOWS\SYSTEM32\CRYPTBASE.dll
0x00007fff482e0000 - 0x00007fff4831b000 	C:\WINDOWS\SYSTEM32\IPHLPAPI.DLL
0x00007fff49ce0000 - 0x00007fff49ce8000 	C:\WINDOWS\System32\NSI.dll
0x00007fff39cc0000 - 0x00007fff39cd7000 	C:\WINDOWS\SYSTEM32\dhcpcsvc6.DLL
0x00007fff3a120000 - 0x00007fff3a13d000 	C:\WINDOWS\SYSTEM32\dhcpcsvc.DLL
0x00007fff48330000 - 0x00007fff483fc000 	C:\WINDOWS\SYSTEM32\DNSAPI.dll
0x00007fff3a370000 - 0x00007fff3a37b000 	C:\WINDOWS\SYSTEM32\WINNSI.DLL

VM Arguments:
jvm_args: -Dorg.gradle.appname=gradlew 
java_command: org.gradle.wrapper.GradleWrapperMain -q -Ptarget-platform=android-x86 -Ptarget=C:\Users\xp\AndroidStudioProjects\wotm_app\lib\main.dart -Ptrack-widget-creation=true -Pfilesystem-scheme=org-dartlang-root -Pdart-defines=flutter.inspector.structuredErrors%3Dtrue assembleDebug
java_class_path (initial): C:\Users\xp\AndroidStudioProjects\wotm_app\android\\gradle\wrapper\gradle-wrapper.jar
Launcher Type: SUN_STANDARD

Environment Variables:
JAVA_HOME=D:\Z_ProgramFiles\Android Studio\jre
JRE_HOME=C:\Program Files\Java\jre1.8.0_291
CLASSPATH=C:\Users\xp\AndroidStudioProjects\wotm_app\android\\gradle\wrapper\gradle-wrapper.jar
PATH=C:\Program Files (x86)\Common Files\Oracle\Java\javapath;C:\Program Files (x86)\Common Files\Intel\Shared Libraries\redist\intel64\compiler;C:\WINDOWS\system32;C:\WINDOWS;C:\WINDOWS\System32\Wbem;C:\WINDOWS\System32\WindowsPowerShell\v1.0\;C:\Program Files\Intel\WiFi\bin\;C:\Program Files\Common Files\Intel\WirelessCommon\;C:\WINDOWS\System32\OpenSSH\;D:\Z_ProgramFiles\Node JS\nodejs;D:\Z_ProgramFiles\Git\cmd;D:\Z_ProgramFiles\Android Studio\bin\studio;C:\Program Files\flutter\bin;c:\Program Files (x86)\Intel\Intel(R) Management Engine Components\DAL;c:\Program Files\Intel\Intel(R) Management Engine Components\DAL;C:\Users\xp\AppData\Local\Microsoft\WindowsApps;D:\Z_ProgramFiles\JpegminPro3\;C:\Program Files\flutter\bin\mingit\cmd
USERNAME=xp
OS=Windows_NT
PROCESSOR_IDENTIFIER=Intel64 Family 6 Model 142 Stepping 9, GenuineIntel



---------------  S Y S T E M  ---------------

OS: Windows 10.0 , 64 bit Build 19041 (10.0.19041.1023)

CPU:total 4 (initial active 4) (2 cores per cpu, 2 threads per core) family 6 model 142 stepping 9, cmov, cx8, fxsr, mmx, sse, sse2, sse3, ssse3, sse4.1, sse4.2, popcnt, avx, avx2, aes, clmul, erms, 3dnowpref, lzcnt, ht, tsc, tscinvbit, bmi1, bmi2, adx

Memory: 4k page, physical 8241064k(350020k free), swap 26534948k(4648k free)

vm_info: OpenJDK 64-Bit Server VM (25.242-b01) for windows-amd64 JRE (1.8.0_242-release-1644-b01), built by "builder" with MS VC++ 10.0 (VS2010)

time: Fri Aug 13 02:53:36 2021
timezone: Malay Peninsula Standard Time
elapsed time: 3 seconds (0d 0h 0m 3s)

